<?xml version="1.0" encoding="UTF-8"?>
<!-- Generated by org.testng.reporters.JUnitXMLReporter -->
<testsuite ignored="0" hostname="DESKTOP-63TQH7O" failures="1" tests="1" name="edge" time="0.014" errors="0" timestamp="2025-04-21T17:30:56 IST">
  <testcase classname="Day6_15042025.CrossBrowserTesting" name="launchbrowser" time="0.0">
    <failure type="org.testng.TestNGException" message="
Parameter &amp;apos;Browser&amp;apos; is required by @Test on method launchbrowser but has not been marked @Optional or defined
in C:\Users\HP\eclipse-workspace\Growskill_TestNG_Framework\CrossBrowser_testng.xml">
      <![CDATA[org.testng.TestNGException: 
Parameter 'Browser' is required by @Test on method launchbrowser but has not been marked @Optional or defined
in C:\Users\HP\eclipse-workspace\Growskill_TestNG_Framework\CrossBrowser_testng.xml
at java.base/java.util.ArrayList.forEach(ArrayList.java:1596)
... Removed 26 stack frames]]>
    </failure>
  </testcase> <!-- launchbrowser -->
</testsuite> <!-- edge -->
